#
# There is insufficient memory for the Java Runtime Environment to continue.
# Native memory allocation (mmap) failed to map 134217728 bytes for Failed to commit area from 0x0000000080400000 to 0x0000000088400000 of length 134217728.
# Possible reasons:
#   The system is out of physical RAM or swap space
#   The process is running with CompressedOops enabled, and the Java Heap may be blocking the growth of the native heap
# Possible solutions:
#   Reduce memory load on the system
#   Increase physical memory or swap space
#   Check if swap backing store is full
#   Decrease Java heap size (-Xmx/-Xms)
#   Decrease number of Java threads
#   Decrease Java thread stack sizes (-Xss)
#   Set larger code cache with -XX:ReservedCodeCacheSize=
# This output file may be truncated or incomplete.
#
#  Out of Memory Error (t:/workspace/open/src/hotspot/os/windows/os_windows.cpp:3221), pid=10640, tid=16856
#
# JRE version:  (10.0.1+10) (build )
# Java VM: Java HotSpot(TM) 64-Bit Server VM (10.0.1+10, mixed mode, aot, tiered, compressed oops, g1 gc, windows-amd64)
# No core dump will be written. Minidumps are not enabled by default on client versions of Windows
#

---------------  S U M M A R Y ------------

Command Line: -Dfile.encoding=Cp1252 instalacao.Instalador

Host: AMD FX(tm)-6300 Six-Core Processor             , 6 cores, 7G,  Windows 10 , 64 bit Build 16299 (10.0.16299.15)
Time: Thu Jul 05 10:53:28 2018 Hora oficial do Brasil elapsed time: 0 seconds (0d 0h 0m 0s)

---------------  T H R E A D  ---------------

Current thread (0x0000024ce02dc800):  JavaThread "Unknown thread" [_thread_in_vm, id=16856, stack(0x000000cb3e800000,0x000000cb3e900000)]

Stack: [0x000000cb3e800000,0x000000cb3e900000]
Native frames: (J=compiled Java code, j=interpreted, Vv=VM code, C=native code)
V  [jvm.dll+0x5a0369]
V  [jvm.dll+0x6bcf81]
V  [jvm.dll+0x6be176]
V  [jvm.dll+0x6be803]
V  [jvm.dll+0x234998]
V  [jvm.dll+0x59dc74]
V  [jvm.dll+0x592ab5]
V  [jvm.dll+0x2f625b]
V  [jvm.dll+0x2f61c5]
V  [jvm.dll+0x2f60a2]
V  [jvm.dll+0x2f8286]
V  [jvm.dll+0x3440d3]
V  [jvm.dll+0x3447e6]
V  [jvm.dll+0x3441d3]
V  [jvm.dll+0x2c43b8]
V  [jvm.dll+0x2c5501]
V  [jvm.dll+0x69d33b]
V  [jvm.dll+0x69eb5c]
V  [jvm.dll+0x351849]
V  [jvm.dll+0x6859c2]
V  [jvm.dll+0x3ba0a3]
V  [jvm.dll+0x3bc201]
C  [javaw.exe+0x3541]
C  [javaw.exe+0xe1cf]
C  [javaw.exe+0xe376]
C  [KERNEL32.DLL+0x11fe4]
C  [ntdll.dll+0x6ef91]


---------------  P R O C E S S  ---------------

Threads class SMR info:
_java_thread_list=0x0000024cde0f9bc0, length=0, elements={
}

Java Threads: ( => current thread )

Other Threads:
  0x0000024ce02f4000 GCTaskThread "GC Thread#0" [stack: 0x000000cb3e900000,0x000000cb3ea00000] [id=10816]
  0x0000024ce02f5800 GCTaskThread "GC Thread#1" [stack: 0x000000cb3ea00000,0x000000cb3eb00000] [id=20236]
  0x0000024ce02f8800 GCTaskThread "GC Thread#2" [stack: 0x000000cb3eb00000,0x000000cb3ec00000] [id=14120]
  0x0000024ce02fb800 GCTaskThread "GC Thread#3" [stack: 0x000000cb3ec00000,0x000000cb3ed00000] [id=20304]
  0x0000024ce0301800 GCTaskThread "GC Thread#4" [stack: 0x000000cb3ed00000,0x000000cb3ee00000] [id=224]
  0x0000024ce0310000 GCTaskThread "GC Thread#5" [stack: 0x000000cb3ee00000,0x000000cb3ef00000] [id=10532]
  0x0000024ce037e800 ConcurrentGCThread "G1 Main Marker" [stack: 0x000000cb3ef00000,0x000000cb3f000000] [id=15140]
  0x0000024ce0311000 ConcurrentGCThread "G1 Conc#0" [stack: 0x000000cb3f000000,0x000000cb3f100000] [id=8156]
  0x0000024ce030e000 ConcurrentGCThread "G1 Conc#1" [stack: 0x000000cb3f100000,0x000000cb3f200000] [id=7788]

[error occurred during error reporting (printing all threads), id 0xe0000002]

VM state:not at safepoint (not fully initialized)

VM Mutex/Monitor currently owned by a thread:  ([mutex/lock_event])
[0x0000024ce02d9b80] Heap_lock - owner thread: 0x0000024ce02dc800

Heap address: 0x0000000080400000, size: 2044 MB, Compressed Oops mode: Non-zero based: 0x0000000080400000
Narrow klass base: 0x0000000000000000, Narrow klass shift: 0

GC Heap History (0 events):
No events

Deoptimization events (0 events):
No events

Classes redefined (0 events):
No events

Internal exceptions (0 events):
No events

Events (0 events):
No events


Dynamic libraries:
0x00007ff71a360000 - 0x00007ff71a39e000 	C:\Program Files\Java\jdk-10.0.1\bin\javaw.exe
0x00007ffa35640000 - 0x00007ffa35820000 	C:\Windows\SYSTEM32\ntdll.dll
0x00007ffa33260000 - 0x00007ffa3330e000 	C:\Windows\System32\KERNEL32.DLL
0x00007ffa31a40000 - 0x00007ffa31ca6000 	C:\Windows\System32\KERNELBASE.dll
0x00007ffa33310000 - 0x00007ffa333b1000 	C:\Windows\System32\ADVAPI32.dll
0x00007ffa32bb0000 - 0x00007ffa32c4d000 	C:\Windows\System32\msvcrt.dll
0x00007ffa32e00000 - 0x00007ffa32e5b000 	C:\Windows\System32\sechost.dll
0x00007ffa34c40000 - 0x00007ffa34d5f000 	C:\Windows\System32\RPCRT4.dll
0x00007ffa330d0000 - 0x00007ffa3325e000 	C:\Windows\System32\USER32.dll
0x00007ffa31cb0000 - 0x00007ffa31cd0000 	C:\Windows\System32\win32u.dll
0x00007ffa32e60000 - 0x00007ffa32e88000 	C:\Windows\System32\GDI32.dll
0x00007ffa31fc0000 - 0x00007ffa32151000 	C:\Windows\System32\gdi32full.dll
0x00007ffa31f20000 - 0x00007ffa31fbb000 	C:\Windows\System32\msvcp_win.dll
0x00007ffa32a10000 - 0x00007ffa32b06000 	C:\Windows\System32\ucrtbase.dll
0x00007ffa230a0000 - 0x00007ffa23309000 	C:\Windows\WinSxS\amd64_microsoft.windows.common-controls_6595b64144ccf1df_6.0.16299.15_none_cc92fb402215d91d\COMCTL32.dll
0x00007ffa333c0000 - 0x00007ffa336c8000 	C:\Windows\System32\combase.dll
0x00007ffa2bed0000 - 0x00007ffa2beda000 	C:\Windows\SYSTEM32\VERSION.dll
0x00007ffa31ea0000 - 0x00007ffa31f12000 	C:\Windows\System32\bcryptPrimitives.dll
0x00007ffa34d60000 - 0x00007ffa34d8d000 	C:\Windows\System32\IMM32.DLL
0x00007ffa1b530000 - 0x00007ffa1b61f000 	C:\Program Files\Java\jdk-10.0.1\bin\msvcr120.dll
0x00007ffa16250000 - 0x00007ffa162f6000 	C:\Program Files\Java\jdk-10.0.1\bin\msvcp120.dll
0x00000000638b0000 - 0x0000000064320000 	C:\Program Files\Java\jdk-10.0.1\bin\server\jvm.dll
0x00007ffa336d0000 - 0x00007ffa336d8000 	C:\Windows\System32\PSAPI.DLL
0x00007ffa2e880000 - 0x00007ffa2e889000 	C:\Windows\SYSTEM32\WSOCK32.dll
0x00007ffa34f40000 - 0x00007ffa34fac000 	C:\Windows\System32\WS2_32.dll
0x00007ffa2ea50000 - 0x00007ffa2ea73000 	C:\Windows\SYSTEM32\WINMM.dll
0x00007ffa2e9f0000 - 0x00007ffa2ea1a000 	C:\Windows\SYSTEM32\WINMMBASE.dll
0x00007ffa32270000 - 0x00007ffa322ba000 	C:\Windows\System32\cfgmgr32.dll
0x00007ffa29700000 - 0x00007ffa2970f000 	C:\Program Files\Java\jdk-10.0.1\bin\verify.dll
0x00007ffa25280000 - 0x00007ffa25448000 	C:\Windows\SYSTEM32\DBGHELP.DLL
0x00007ffa25040000 - 0x00007ffa25069000 	C:\Windows\SYSTEM32\dbgcore.DLL
0x00007ffa220e0000 - 0x00007ffa22107000 	C:\Program Files\Java\jdk-10.0.1\bin\java.dll
0x00007ffa295c0000 - 0x00007ffa295d6000 	C:\Program Files\Java\jdk-10.0.1\bin\zip.dll
0x00007ffa296f0000 - 0x00007ffa296fa000 	C:\Program Files\Java\jdk-10.0.1\bin\jimage.dll

dbghelp: loaded successfully - version: 4.0.5 - missing functions: none
symbol engine: initialized successfully - sym options: 0x614 - pdb path: .;C:\Program Files\Java\jdk-10.0.1\bin;C:\Windows\SYSTEM32;C:\Windows\WinSxS\amd64_microsoft.windows.common-controls_6595b64144ccf1df_6.0.16299.15_none_cc92fb402215d91d;C:\Program Files\Java\jdk-10.0.1\bin\server

VM Arguments:
jvm_args: -Dfile.encoding=Cp1252 
java_command: instalacao.Instalador
java_class_path (initial): C:\Users\kotori\git\bookfly\bin;C:\Users\kotori\git\bookfly\postgresql-42.0.0.jar;C:\Users\kotori\git\bookfly\sqlite-jdbc-3.21.0.jar;C:\Users\kotori\git\bookfly\mysql-connector-java-5.1.46-bin.jar
Launcher Type: SUN_STANDARD

Logging:
Log output configuration:
#0: stdout all=warning uptime,level,tags
#1: stderr all=off uptime,level,tags

Environment Variables:
PATH=C:/Program Files/Java/jdk-10.0.1/bin/server;C:/Program Files/Java/jdk-10.0.1/bin;C:\tools\ruby25\bin;C:\Perl64\site\bin;C:\Perl64\bin;C:\Python36\Scripts\;C:\Python36\;C:\Program Files (x86)\Common Files\Oracle\Java\javapath;C:\Windows\system32;C:\Windows;C:\Windows\System32\Wbem;C:\Windows\System32\WindowsPowerShell\v1.0\;C:\ProgramData\chocolatey\bin;C:\Program Files\Git\cmd;C:\Program Files\MiKTeX 2.9\miktex\bin\x64\;C:\Program Files (x86)\PDFtk Server\bin\;C:\Program Files (x86)\Pandoc\;C:\Program Files\nodejs\;C:\Users\kotori\AppData\Local\Microsoft\WindowsApps;C:\Users\kotori\AppData\Local\atom\bin;C:\tools\msys64;C:\Users\kotori\AppData\Roaming\npm;C:\Windows\system32;
USERNAME=kotori
OS=Windows_NT
PROCESSOR_IDENTIFIER=AMD64 Family 21 Model 2 Stepping 0, AuthenticAMD



---------------  S Y S T E M  ---------------

OS: Windows 10 , 64 bit Build 16299 (10.0.16299.15)

CPU:total 6 (initial active 6) (6 cores per cpu, 1 threads per core) family 21 model 2 stepping 0, cmov, cx8, fxsr, mmx, sse, sse2, sse3, ssse3, sse4.1, sse4.2, popcnt, avx, aes, clmul, mmxext, 3dnowpref, lzcnt, sse4a, tsc, tscinvbit, tscinv, bmi1, fma

Memory: 4k page, physical 8370292k(606724k free), swap 18951920k(56412k free)

vm_info: Java HotSpot(TM) 64-Bit Server VM (10.0.1+10) for windows-amd64 JRE (10.0.1+10), built on Mar 27 2018 02:27:48 by "mach5one" with MS VC++ 12.0 (VS2013)

END.
